{"level":"error","message":"Sat Mar 04 2023 15:12:36 GMT+0700 (Indochina Time)-{\"name\":\"NOT FOUND\",\"statusCode\":400,\"isOperational\":true}","private":true}
{"level":"error","message":"Sat Mar 04 2023 15:14:34 GMT+0700 (Indochina Time)-{\"index\":0,\"code\":11000,\"keyPattern\":{\"name\":1},\"keyValue\":{\"name\":\"user\"}}","private":true}
{"level":"error","message":"Sat Mar 04 2023 15:15:19 GMT+0700 (Indochina Time)-{\"index\":0,\"code\":11000,\"keyPattern\":{\"name\":1},\"keyValue\":{\"name\":\"user\"}}","private":true}
{"level":"error","message":"Sat Mar 04 2023 15:15:28 GMT+0700 (Indochina Time)-{\"index\":0,\"code\":11000,\"keyPattern\":{\"name\":1},\"keyValue\":{\"name\":\"user\"}}","private":true}
{"level":"error","message":"Sat Mar 04 2023 15:18:31 GMT+0700 (Indochina Time)-{\"index\":0,\"code\":11000,\"keyPattern\":{\"name\":1},\"keyValue\":{\"name\":\"user\"}}","private":true}
{"level":"error","message":"Sat Mar 04 2023 15:20:01 GMT+0700 (Indochina Time)-{\"index\":0,\"code\":11000,\"keyPattern\":{\"name\":1},\"keyValue\":{\"name\":\"user\"}}","private":true}
{"level":"error","message":"Sat Mar 04 2023 15:23:10 GMT+0700 (Indochina Time)-{\"name\":\"NOT FOUND\",\"statusCode\":400,\"isOperational\":true,\"errorStack\":\"Role existed\"}","private":true}
{"level":"error","message":"Sat Mar 04 2023 15:23:55 GMT+0700 (Indochina Time)-{\"name\":\"NOT FOUND\",\"statusCode\":400,\"isOperational\":true,\"errorStack\":\"Role existed\"}","private":true}
{"level":"error","message":"Sat Mar 04 2023 15:24:49 GMT+0700 (Indochina Time)-{\"name\":\"NOT FOUND\",\"statusCode\":400,\"isOperational\":true,\"errorStack\":\"Role existed\"}","private":true}
{"level":"error","message":"Sat Mar 04 2023 15:25:04 GMT+0700 (Indochina Time)-{\"name\":\"NOT FOUND\",\"statusCode\":400,\"isOperational\":true,\"errorStack\":\"Role existed\"}","private":true}
{"level":"error","message":"Sat Mar 04 2023 15:25:49 GMT+0700 (Indochina Time)-{}","private":true}
{"level":"error","message":"Sat Mar 04 2023 15:26:09 GMT+0700 (Indochina Time)-{\"name\":\"NOT FOUND\",\"statusCode\":404,\"isOperational\":true,\"errorStack\":\"Not found role\"}","private":true}
{"level":"error","message":"Sat Mar 04 2023 15:26:31 GMT+0700 (Indochina Time)-{\"name\":\"NOT FOUND\",\"statusCode\":400,\"isOperational\":true,\"errorStack\":\"Role existed\"}","private":true}
{"level":"error","message":"Sat Mar 04 2023 15:28:03 GMT+0700 (Indochina Time)-{\"name\":\"BAD REQUEST\",\"statusCode\":400,\"isOperational\":true,\"errorStack\":\"Missing Text\"}","private":true}
{"level":"error","message":"Sat Mar 04 2023 15:29:20 GMT+0700 (Indochina Time)-{\"stringValue\":\"\\\"1111\\\"\",\"valueType\":\"string\",\"kind\":\"ObjectId\",\"value\":\"1111\",\"path\":\"_id\",\"reason\":{},\"name\":\"CastError\",\"message\":\"Cast to ObjectId failed for value \\\"1111\\\" (type string) at path \\\"_id\\\" for model \\\"Role\\\"\"}","private":true}
{"level":"error","message":"Sat Mar 04 2023 15:30:07 GMT+0700 (Indochina Time)-{\"stringValue\":\"\\\"1111\\\"\",\"valueType\":\"string\",\"kind\":\"ObjectId\",\"value\":\"1111\",\"path\":\"_id\",\"reason\":{},\"name\":\"CastError\",\"message\":\"Cast to ObjectId failed for value \\\"1111\\\" (type string) at path \\\"_id\\\" for model \\\"Role\\\"\"}","private":true}
{"level":"error","message":"Sat Mar 04 2023 15:30:50 GMT+0700 (Indochina Time)-{\"stringValue\":\"\\\"1111\\\"\",\"valueType\":\"string\",\"kind\":\"ObjectId\",\"value\":\"1111\",\"path\":\"_id\",\"reason\":{},\"name\":\"CastError\",\"message\":\"Cast to ObjectId failed for value \\\"1111\\\" (type string) at path \\\"_id\\\" for model \\\"Role\\\"\"}","private":true}
{"level":"error","message":"Sat Mar 04 2023 15:31:06 GMT+0700 (Indochina Time)-{\"stringValue\":\"\\\"1111\\\"\",\"valueType\":\"string\",\"kind\":\"ObjectId\",\"value\":\"1111\",\"path\":\"_id\",\"reason\":{},\"name\":\"CastError\",\"message\":\"Cast to ObjectId failed for value \\\"1111\\\" (type string) at path \\\"_id\\\" for model \\\"Role\\\"\"}","private":true}
{"level":"error","message":"Sat Mar 04 2023 15:31:35 GMT+0700 (Indochina Time)-{\"name\":\"NOT FOUND\",\"statusCode\":404,\"isOperational\":true,\"errorStack\":\"Not found role\"}","private":true}
{"level":"error","message":"Sat Mar 04 2023 15:32:11 GMT+0700 (Indochina Time)-{\"stringValue\":\"\\\"1111\\\"\",\"valueType\":\"string\",\"kind\":\"ObjectId\",\"value\":\"1111\",\"path\":\"_id\",\"reason\":{},\"name\":\"CastError\",\"message\":\"Cast to ObjectId failed for value \\\"1111\\\" (type string) at path \\\"_id\\\" for model \\\"Role\\\"\"}","private":true}
{"level":"error","message":"Sat Mar 04 2023 15:32:11 GMT+0700 (Indochina Time)-{\"code\":\"ERR_HTTP_INVALID_STATUS_CODE\"}","private":true}
{"level":"error","message":"Sat Mar 04 2023 15:32:49 GMT+0700 (Indochina Time)-{\"stringValue\":\"\\\"1111\\\"\",\"valueType\":\"string\",\"kind\":\"ObjectId\",\"value\":\"1111\",\"path\":\"_id\",\"reason\":{},\"name\":\"CastError\",\"message\":\"Cast to ObjectId failed for value \\\"1111\\\" (type string) at path \\\"_id\\\" for model \\\"Role\\\"\"}","private":true}
{"level":"error","message":"Sat Mar 04 2023 15:35:13 GMT+0700 (Indochina Time)-{\"name\":\"NOT FOUND\",\"statusCode\":404,\"isOperational\":true,\"errorStack\":\"Not found role\"}","private":true}
{"level":"error","message":"Sat Mar 04 2023 15:35:42 GMT+0700 (Indochina Time)-{\"stringValue\":\"\\\"hex24\\\"\",\"valueType\":\"string\",\"kind\":\"ObjectId\",\"value\":\"hex24\",\"path\":\"_id\",\"reason\":{},\"name\":\"CastError\",\"message\":\"Cast to ObjectId failed for value \\\"hex24\\\" (type string) at path \\\"_id\\\" for model \\\"Role\\\"\"}","private":true}
{"level":"error","message":"Sat Mar 04 2023 15:35:50 GMT+0700 (Indochina Time)-{\"stringValue\":\"\\\"hex24\\\"\",\"valueType\":\"string\",\"kind\":\"ObjectId\",\"value\":\"hex24\",\"path\":\"_id\",\"reason\":{},\"name\":\"CastError\",\"message\":\"Cast to ObjectId failed for value \\\"hex24\\\" (type string) at path \\\"_id\\\" for model \\\"Role\\\"\"}","private":true}
{"level":"error","message":"Sat Mar 04 2023 15:39:49 GMT+0700 (Indochina Time)-{\"stringValue\":\"\\\"hex24\\\"\",\"valueType\":\"string\",\"kind\":\"ObjectId\",\"value\":\"hex24\",\"path\":\"_id\",\"reason\":{},\"name\":\"CastError\",\"message\":\"Cast to ObjectId failed for value \\\"hex24\\\" (type string) at path \\\"_id\\\" for model \\\"Role\\\"\"}","private":true}
{"level":"error","message":"Sat Mar 04 2023 15:40:07 GMT+0700 (Indochina Time)-{\"stringValue\":\"\\\"hex24\\\"\",\"valueType\":\"string\",\"kind\":\"ObjectId\",\"value\":\"hex24\",\"path\":\"_id\",\"reason\":{},\"name\":\"CastError\",\"message\":\"Cast to ObjectId failed for value \\\"hex24\\\" (type string) at path \\\"_id\\\" for model \\\"Role\\\"\"}","private":true}
{"level":"error","message":"Sat Mar 04 2023 15:41:04 GMT+0700 (Indochina Time)-{\"stringValue\":\"\\\"hex24\\\"\",\"valueType\":\"string\",\"kind\":\"ObjectId\",\"value\":\"hex24\",\"path\":\"_id\",\"reason\":{},\"name\":\"CastError\",\"message\":\"Cast to ObjectId failed for value \\\"hex24\\\" (type string) at path \\\"_id\\\" for model \\\"Role\\\"\"}","private":true}
{"level":"error","message":"Sat Mar 04 2023 15:41:41 GMT+0700 (Indochina Time)-{\"stringValue\":\"\\\"hex24\\\"\",\"valueType\":\"string\",\"kind\":\"ObjectId\",\"value\":\"hex24\",\"path\":\"_id\",\"reason\":{},\"name\":\"CastError\",\"message\":\"Cast to ObjectId failed for value \\\"hex24\\\" (type string) at path \\\"_id\\\" for model \\\"Role\\\"\"}","private":true}
{"level":"error","message":"Sat Mar 04 2023 16:00:56 GMT+0700 (Indochina Time)-{}","private":true}
{"level":"error","message":"Sat Mar 04 2023 16:01:32 GMT+0700 (Indochina Time)-{\"path\":\"role\"}","private":true}
{"level":"error","message":"Sat Mar 04 2023 16:02:37 GMT+0700 (Indochina Time)-{\"path\":\"role\"}","private":true}
{"level":"error","message":"Sat Mar 04 2023 16:05:59 GMT+0700 (Indochina Time)-{\"path\":\"Role\"}","private":true}
{"level":"error","message":"Sat Mar 04 2023 16:06:13 GMT+0700 (Indochina Time)-{\"path\":\"Role\"}","private":true}
{"level":"error","message":"Sat Mar 04 2023 16:08:04 GMT+0700 (Indochina Time)-{\"path\":\"Role\"}","private":true}
{"level":"error","message":"Sat Mar 04 2023 16:09:54 GMT+0700 (Indochina Time)-{\"path\":\"role\"}","private":true}
{"level":"error","message":"Sat Mar 04 2023 16:42:02 GMT+0700 (Indochina Time)-{}","private":true}
{"level":"error","message":"Sat Mar 04 2023 16:42:22 GMT+0700 (Indochina Time)-{}","private":true}
{"level":"error","message":"Sat Mar 04 2023 16:43:44 GMT+0700 (Indochina Time)-{}","private":true}
